c:\users\kevin\dropbox\articles\aforge\src\sources\video.ffmpeg\debug\aforge.video.ffmpeg.pch
c:\users\kevin\dropbox\articles\aforge\src\sources\video.ffmpeg\debug\vc140.pdb
c:\users\kevin\dropbox\articles\aforge\src\sources\video.ffmpeg\debug\stdafx.xdc
c:\users\kevin\dropbox\articles\aforge\src\sources\video.ffmpeg\debug\stdafx.obj
c:\users\kevin\dropbox\articles\aforge\src\sources\video.ffmpeg\debug\assemblyinfo.xdc
c:\users\kevin\dropbox\articles\aforge\src\sources\video.ffmpeg\debug\videocodec.xdc
c:\users\kevin\dropbox\articles\aforge\src\sources\video.ffmpeg\debug\videofilereader.xdc
c:\users\kevin\dropbox\articles\aforge\src\sources\video.ffmpeg\debug\videofilesource.xdc
c:\users\kevin\dropbox\articles\aforge\src\sources\video.ffmpeg\debug\videofilewriter.xdc
c:\users\kevin\dropbox\articles\aforge\src\sources\video.ffmpeg\debug\videofilewriter.obj
c:\users\kevin\dropbox\articles\aforge\src\sources\video.ffmpeg\debug\videofilesource.obj
c:\users\kevin\dropbox\articles\aforge\src\sources\video.ffmpeg\debug\videofilereader.obj
c:\users\kevin\dropbox\articles\aforge\src\sources\video.ffmpeg\debug\videocodec.obj
c:\users\kevin\dropbox\articles\aforge\src\sources\video.ffmpeg\debug\assemblyinfo.obj
c:\users\kevin\dropbox\articles\aforge\src\sources\video.ffmpeg\debug\.netframework,version=v4.5.2.assemblyattributes.xdc
c:\users\kevin\dropbox\articles\aforge\src\sources\video.ffmpeg\debug\.netframework,version=v4.5.2.assemblyattributes.obj
c:\users\kevin\dropbox\articles\aforge\src\sources\video.ffmpeg\debug\.netframework,version=v4.5.2.assemblyattributes.asm
c:\users\kevin\dropbox\articles\aforge\src\release\aforge.video.ffmpeg.dll
c:\users\kevin\dropbox\articles\aforge\src\release\aforge.video.ffmpeg.pdb
c:\users\kevin\dropbox\articles\aforge\src\sources\video.ffmpeg\debug\video.ffmpeg.tlog\metagen.write.1.tlog
c:\users\kevin\dropbox\articles\aforge\src\release\aforge.video.ffmpeg.xml
c:\users\kevin\dropbox\articles\aforge\src\sources\video.ffmpeg\..\..\release\aforge.video.ffmpeg.dll
c:\users\kevin\dropbox\articles\aforge\src\sources\video.ffmpeg\debug\video.ffmpeg.tlog\cl.command.1.tlog
c:\users\kevin\dropbox\articles\aforge\src\sources\video.ffmpeg\debug\video.ffmpeg.tlog\cl.read.1.tlog
c:\users\kevin\dropbox\articles\aforge\src\sources\video.ffmpeg\debug\video.ffmpeg.tlog\cl.write.1.tlog
c:\users\kevin\dropbox\articles\aforge\src\sources\video.ffmpeg\debug\video.ffmpeg.tlog\link.command.1.tlog
c:\users\kevin\dropbox\articles\aforge\src\sources\video.ffmpeg\debug\video.ffmpeg.tlog\link.read.1.tlog
c:\users\kevin\dropbox\articles\aforge\src\sources\video.ffmpeg\debug\video.ffmpeg.tlog\link.write.1.tlog
c:\users\kevin\dropbox\articles\aforge\src\sources\video.ffmpeg\debug\video.ffmpeg.tlog\metagen.read.1.tlog
c:\users\kevin\dropbox\articles\aforge\src\sources\video.ffmpeg\debug\video.ffmpeg.tlog\xdcmake.command.1.tlog
c:\users\kevin\dropbox\articles\aforge\src\sources\video.ffmpeg\debug\video.ffmpeg.tlog\xdcmake.read.1.tlog
c:\users\kevin\dropbox\articles\aforge\src\sources\video.ffmpeg\debug\video.ffmpeg.tlog\xdcmake.write.1.tlog
c:\users\kevin\dropbox\articles\aforge\src\sources\video.ffmpeg\debug\video.ffmpeg.tlog\aforge.video.dll.metagen
c:\users\kevin\dropbox\articles\aforge\src\sources\video.ffmpeg\debug\video.ffmpeg.tlog\msxml6r.dll.bi
c:\users\kevin\dropbox\articles\aforge\src\sources\video.ffmpeg\debug\video.ffmpeg.tlog\netmsg.dll.bi
c:\users\kevin\dropbox\articles\aforge\src\sources\video.ffmpeg\debug\video.ffmpeg.tlog\tzres.dll.bi
